2017-11-04 19:19:40,880 INFO Check if file: watchdog1.txt is present in directory: c:\temp\output. Attempt number = 1
2017-11-04 19:19:42,882 INFO The file not present... Lets try again!
2017-11-04 19:19:42,882 INFO Check if file: watchdog1.txt is present in directory: c:\temp\output. Attempt number = 2
2017-11-04 19:19:44,883 INFO The file not present... Lets try again!
2017-11-04 19:19:44,883 INFO Check if file: watchdog1.txt is present in directory: c:\temp\output. Attempt number = 3
2017-11-04 19:19:46,884 INFO The file not present... Lets try again!
2017-11-04 19:19:46,884 INFO Check if file: watchdog1.txt is present in directory: c:\temp\output. Attempt number = 4
2017-11-04 19:19:48,886 INFO The file not present... Lets try again!
2017-11-04 19:19:48,886 INFO Check if file: watchdog1.txt is present in directory: c:\temp\output. Attempt number = 5
2017-11-04 19:19:50,889 INFO The file not present... Lets try again!
2017-11-04 19:19:50,889 INFO File not found... reties exhausted. Email will be send because b2bi is not running
2017-11-04 19:30:12,640 DEBUG b2bi_inputdir = c:\temp\input
2017-11-04 19:30:12,640 DEBUG b2bi_outputdir = c:\temp\output
2017-11-04 19:30:12,640 DEBUG b2bi_filename = watchdog1.txt
2017-11-04 19:30:12,640 DEBUG sleeptime = 2
2017-11-04 19:30:12,640 DEBUG retry = 5
2017-11-04 19:30:12,640 DEBUG smtp_server = smtpapplicaties.cibapp.nl
2017-11-04 19:30:12,640 DEBUG fromaddr = noreply@dictu.nl
2017-11-04 19:30:12,640 DEBUG toaddr = ab-axway@dictu.nl
2017-11-04 19:30:12,640 DEBUG loglevel = 
2017-11-04 19:30:12,640 INFO Check if file: watchdog1.txt is present in directory: c:\temp\output. Attempt number = 1
2017-11-04 19:30:14,645 INFO The file not present... Lets try again!
2017-11-04 19:30:14,645 INFO Check if file: watchdog1.txt is present in directory: c:\temp\output. Attempt number = 2
2017-11-04 19:30:16,655 INFO The file not present... Lets try again!
2017-11-04 19:30:16,655 INFO Check if file: watchdog1.txt is present in directory: c:\temp\output. Attempt number = 3
2017-11-04 19:30:18,668 INFO The file not present... Lets try again!
2017-11-04 19:30:18,668 INFO Check if file: watchdog1.txt is present in directory: c:\temp\output. Attempt number = 4
2017-11-04 19:30:20,671 INFO The file not present... Lets try again!
2017-11-04 19:30:20,671 INFO Check if file: watchdog1.txt is present in directory: c:\temp\output. Attempt number = 5
2017-11-04 19:30:22,672 INFO The file not present... Lets try again!
2017-11-04 19:30:22,672 INFO File not found... reties exhausted. Email will be send because b2bi is not running
2017-11-04 19:39:33,779 DEBUG b2bi_inputdir = c:\temp\input
2017-11-04 19:39:33,779 DEBUG b2bi_outputdir = c:\temp\output
2017-11-04 19:39:33,779 DEBUG b2bi_filename = watchdog1.txt
2017-11-04 19:39:33,779 DEBUG sleeptime = 2
2017-11-04 19:39:33,779 DEBUG retry = 10
2017-11-04 19:39:33,779 DEBUG smtp_server = smtpapplicaties.cibapp.nl
2017-11-04 19:39:33,779 DEBUG fromaddr = noreply@dictu.nl
2017-11-04 19:39:33,779 DEBUG toaddr = ab-axway@dictu.nl
2017-11-04 19:39:47,699 DEBUG b2bi_inputdir = c:\temp\input
2017-11-04 19:39:47,699 DEBUG b2bi_outputdir = c:\temp\output
2017-11-04 19:39:47,699 DEBUG b2bi_filename = watchdog1.txt
2017-11-04 19:39:47,699 DEBUG sleeptime = 2
2017-11-04 19:39:47,699 DEBUG retry = 10
2017-11-04 19:39:47,699 DEBUG smtp_server = smtpapplicaties.cibapp.nl
2017-11-04 19:39:47,699 DEBUG fromaddr = noreply@dictu.nl
2017-11-04 19:39:47,699 DEBUG toaddr = ab-axway@dictu.nl
2017-11-04 19:39:47,699 INFO Check if file: watchdog1.txt is present in directory: c:\temp\output. Attempt number = 1
2017-11-04 19:39:49,710 INFO The file not present... Lets try again!
2017-11-04 19:39:49,710 INFO Check if file: watchdog1.txt is present in directory: c:\temp\output. Attempt number = 2
2017-11-04 19:39:51,715 INFO The file not present... Lets try again!
2017-11-04 19:39:51,715 INFO Check if file: watchdog1.txt is present in directory: c:\temp\output. Attempt number = 3
2017-11-04 19:39:53,715 INFO The file not present... Lets try again!
2017-11-04 19:39:53,716 INFO Check if file: watchdog1.txt is present in directory: c:\temp\output. Attempt number = 4
2017-11-04 19:39:55,730 INFO The file not present... Lets try again!
2017-11-04 19:39:55,731 INFO Check if file: watchdog1.txt is present in directory: c:\temp\output. Attempt number = 5
2017-11-04 19:39:57,743 INFO The file not present... Lets try again!
2017-11-04 19:39:57,744 INFO Check if file: watchdog1.txt is present in directory: c:\temp\output. Attempt number = 6
2017-11-04 19:39:59,754 INFO The file not present... Lets try again!
2017-11-04 19:39:59,755 INFO Check if file: watchdog1.txt is present in directory: c:\temp\output. Attempt number = 7
2017-11-04 19:40:01,769 INFO File found! And needed 7 attempts to find the file : c:\temp\output\watchdog1.txt
2017-11-04 19:54:02,365 DEBUG b2bi_inputdir = c:\temp\input
2017-11-04 19:54:02,365 DEBUG b2bi_outputdir = c:\temp\output
2017-11-04 19:54:02,365 DEBUG b2bi_filename = watchdog1.txt
2017-11-04 19:54:02,365 DEBUG sleeptime = 2
2017-11-04 19:54:02,365 DEBUG retry = 10
2017-11-04 19:54:02,365 DEBUG smtp_server = smtpapplicaties.cibapp.nl
2017-11-04 19:54:02,365 DEBUG fromaddr = noreply@dictu.nl
2017-11-04 19:54:02,365 DEBUG toaddr = ab-axway@dictu.nl
2017-11-04 19:54:02,380 INFO Check if file: watchdog1.txt is present in directory: c:\temp\output. Attempt number = 1
2017-11-04 19:54:04,390 INFO The file not present... Lets try again!
2017-11-04 19:54:04,390 INFO Check if file: watchdog1.txt is present in directory: c:\temp\output. Attempt number = 2
2017-11-04 19:54:06,405 INFO The file not present... Lets try again!
2017-11-04 19:54:06,405 INFO Check if file: watchdog1.txt is present in directory: c:\temp\output. Attempt number = 3
2017-11-04 19:54:08,420 INFO The file not present... Lets try again!
2017-11-04 19:54:08,420 INFO Check if file: watchdog1.txt is present in directory: c:\temp\output. Attempt number = 4
2017-11-04 19:54:10,423 INFO The file not present... Lets try again!
2017-11-04 19:54:10,423 INFO Check if file: watchdog1.txt is present in directory: c:\temp\output. Attempt number = 5
2017-11-04 19:54:12,424 INFO The file not present... Lets try again!
2017-11-04 19:54:12,424 INFO Check if file: watchdog1.txt is present in directory: c:\temp\output. Attempt number = 6
2017-11-04 19:54:14,435 INFO The file not present... Lets try again!
2017-11-04 19:54:14,435 INFO Check if file: watchdog1.txt is present in directory: c:\temp\output. Attempt number = 7
2017-11-04 19:54:16,442 INFO The file not present... Lets try again!
2017-11-04 19:54:16,442 INFO Check if file: watchdog1.txt is present in directory: c:\temp\output. Attempt number = 8
2017-11-04 19:54:18,447 INFO The file not present... Lets try again!
2017-11-04 19:54:18,447 INFO Check if file: watchdog1.txt is present in directory: c:\temp\output. Attempt number = 9
2017-11-04 19:54:20,452 INFO The file not present... Lets try again!
2017-11-04 19:54:20,452 INFO Check if file: watchdog1.txt is present in directory: c:\temp\output. Attempt number = 10
2017-11-04 19:54:22,468 INFO The file not present... Lets try again!
2017-11-04 19:54:22,468 WARNING File not found... reties exhausted. Email will be send because b2bi is not running
2017-11-04 19:58:42,480 DEBUG b2bi_inputdir = c:\temp\input
2017-11-04 19:58:42,480 DEBUG b2bi_outputdir = c:\temp\output
2017-11-04 19:58:42,480 DEBUG b2bi_filename = watchdog1.txt
2017-11-04 19:58:42,480 DEBUG sleeptime = 2
2017-11-04 19:58:42,480 DEBUG retry = 10
2017-11-04 19:58:42,480 DEBUG smtp_server = smtpapplicaties.cibapp.nl
2017-11-04 19:58:42,480 DEBUG fromaddr = noreply@dictu.nl
2017-11-04 19:58:42,480 DEBUG toaddr = ab-axway@dictu.nl
2017-11-04 19:58:42,480 INFO Check if file: watchdog1.txt is present in directory: c:\temp\output. Attempt number = 1
2017-11-04 19:58:44,486 INFO The file not present... Lets try again!
2017-11-04 19:58:44,486 INFO Check if file: watchdog1.txt is present in directory: c:\temp\output. Attempt number = 2
2017-11-04 19:58:46,488 INFO The file not present... Lets try again!
2017-11-04 19:58:46,488 INFO Check if file: watchdog1.txt is present in directory: c:\temp\output. Attempt number = 3
2017-11-04 19:58:48,489 INFO The file not present... Lets try again!
2017-11-04 19:58:48,489 INFO Check if file: watchdog1.txt is present in directory: c:\temp\output. Attempt number = 4
2017-11-04 19:58:50,495 INFO The file not present... Lets try again!
2017-11-04 19:58:50,496 INFO Check if file: watchdog1.txt is present in directory: c:\temp\output. Attempt number = 5
2017-11-04 19:58:52,507 INFO The file not present... Lets try again!
2017-11-04 19:58:52,507 INFO Check if file: watchdog1.txt is present in directory: c:\temp\output. Attempt number = 6
2017-11-04 19:58:54,521 INFO The file not present... Lets try again!
2017-11-04 19:58:54,521 INFO Check if file: watchdog1.txt is present in directory: c:\temp\output. Attempt number = 7
2017-11-04 19:58:56,534 INFO The file not present... Lets try again!
2017-11-04 19:58:56,534 INFO Check if file: watchdog1.txt is present in directory: c:\temp\output. Attempt number = 8
2017-11-04 19:58:58,544 INFO The file not present... Lets try again!
2017-11-04 19:58:58,544 INFO Check if file: watchdog1.txt is present in directory: c:\temp\output. Attempt number = 9
2017-11-04 19:59:00,549 INFO The file not present... Lets try again!
2017-11-04 19:59:00,549 INFO Check if file: watchdog1.txt is present in directory: c:\temp\output. Attempt number = 10
2017-11-04 19:59:02,552 INFO The file not present... Lets try again!
2017-11-04 19:59:02,552 WARNING File not found... reties exhausted. Email will be send because b2bi is not running
2017-11-04 20:10:16,328 DEBUG b2bi_inputdir = c:\temp\input
2017-11-04 20:10:16,328 DEBUG b2bi_outputdir = c:\temp\output
2017-11-04 20:10:16,328 DEBUG b2bi_filename = watchdog1.txt
2017-11-04 20:10:16,328 DEBUG sleeptime = 2
2017-11-04 20:10:16,328 DEBUG retry = 10
2017-11-04 20:10:16,328 DEBUG smtp_server = smtpapplicaties.cibapp.nl
2017-11-04 20:10:16,328 DEBUG fromaddr = noreply@dictu.nl
2017-11-04 20:10:16,328 DEBUG toaddr = ab-axway@dictu.nl
2017-11-04 20:10:16,343 INFO Check if file: watchdog1.txt is present in directory: c:\temp\output. Attempt number = 1
2017-11-04 20:10:18,346 INFO The file not present... Lets try again!
2017-11-04 20:10:18,346 INFO Check if file: watchdog1.txt is present in directory: c:\temp\output. Attempt number = 2
2017-11-04 20:10:20,351 INFO The file not present... Lets try again!
2017-11-04 20:10:20,351 INFO Check if file: watchdog1.txt is present in directory: c:\temp\output. Attempt number = 3
2017-11-04 20:10:22,355 INFO The file not present... Lets try again!
2017-11-04 20:10:22,355 INFO Check if file: watchdog1.txt is present in directory: c:\temp\output. Attempt number = 4
2017-11-04 20:10:24,356 INFO The file not present... Lets try again!
2017-11-04 20:10:24,356 INFO Check if file: watchdog1.txt is present in directory: c:\temp\output. Attempt number = 5
2017-11-04 20:10:26,359 INFO The file not present... Lets try again!
2017-11-04 20:10:26,360 INFO Check if file: watchdog1.txt is present in directory: c:\temp\output. Attempt number = 6
2017-11-04 20:10:28,373 INFO The file not present... Lets try again!
2017-11-04 20:10:28,374 INFO Check if file: watchdog1.txt is present in directory: c:\temp\output. Attempt number = 7
2017-11-04 20:10:30,374 INFO The file not present... Lets try again!
2017-11-04 20:10:30,374 INFO Check if file: watchdog1.txt is present in directory: c:\temp\output. Attempt number = 8
2017-11-04 20:10:32,386 INFO The file not present... Lets try again!
2017-11-04 20:10:32,386 INFO Check if file: watchdog1.txt is present in directory: c:\temp\output. Attempt number = 9
2017-11-04 20:10:34,386 INFO The file not present... Lets try again!
2017-11-04 20:10:34,386 INFO Check if file: watchdog1.txt is present in directory: c:\temp\output. Attempt number = 10
2017-11-04 20:10:36,395 INFO The file not present... Lets try again!
2017-11-04 20:10:36,396 WARNING File not found... reties exhausted. Email will be send because b2bi is not running
2017-11-04 20:10:36,396 DEBUG Email message: From: noreply@dictu.nl
To: ab-axway@dictu.nl
Subject: Watchdog process failed

Watchdog process failed after all retrys
2017-11-04 20:10:36,396 ERROR Unable to send email using SMTP server: smtpapplicaties.cibapp.nl
2017-11-04 20:19:29,156 ERROR Unable to send email using SMTP server: smtpapplicaties.cibapp.nl
2017-11-04 20:19:55,438 ERROR Error creating tmp directory: c:\temp\input\tmp. Error = [WinError 183] Cannot create a file when that file already exists: 'c:\\temp\\input\\tmp'
2017-11-04 20:24:10,340 ERROR Error creating tmp directory: c:\temp\input\tmp. Error = [WinError 183] Cannot create a file when that file already exists: 'c:\\temp\\input\\tmp'
2017-11-04 20:24:52,643 ERROR File not found... reties exhausted. Email will be send because b2bi is not running
2017-11-04 20:24:52,644 ERROR Unable to send email using SMTP server: smtpapplicaties.cibapp.nl
2017-11-04 20:25:33,867 DEBUG b2bi_inputdir = c:\temp\input
2017-11-04 20:25:33,867 DEBUG b2bi_outputdir = c:\temp\output
2017-11-04 20:25:33,867 DEBUG b2bi_filename = watchdog1.txt
2017-11-04 20:25:33,867 DEBUG sleeptime = 2
2017-11-04 20:25:33,867 DEBUG retry = 10
2017-11-04 20:25:33,867 DEBUG smtp_server = smtpapplicaties.cibapp.nl
2017-11-04 20:25:33,867 DEBUG fromaddr = noreply@dictu.nl
2017-11-04 20:25:33,867 DEBUG toaddr = ab-axway@dictu.nl
2017-11-04 20:29:54,889 DEBUG b2bi_inputdir = c:\temp\input
2017-11-04 20:29:54,889 DEBUG b2bi_outputdir = c:\temp\output
2017-11-04 20:29:54,889 DEBUG b2bi_filename = watchdog1.txt
2017-11-04 20:29:54,889 DEBUG sleeptime = 2
2017-11-04 20:29:54,889 DEBUG retry = 10
2017-11-04 20:29:54,889 DEBUG smtp_server = smtpapplicaties.cibapp.nl
2017-11-04 20:29:54,889 DEBUG fromaddr = noreply@dictu.nl
2017-11-04 20:29:54,889 DEBUG toaddr = ab-axway@dictu.nl
2017-11-04 20:29:54,889 INFO Check if file: watchdog1.txt is present in directory: c:\temp\output. Attempt number = 1
2017-11-04 20:29:56,904 INFO The file not present... Lets try again!
2017-11-04 20:29:56,904 INFO Check if file: watchdog1.txt is present in directory: c:\temp\output. Attempt number = 2
2017-11-04 20:29:58,917 INFO The file not present... Lets try again!
2017-11-04 20:29:58,917 INFO Check if file: watchdog1.txt is present in directory: c:\temp\output. Attempt number = 3
2017-11-04 20:30:00,917 INFO The file not present... Lets try again!
2017-11-04 20:30:00,918 INFO Check if file: watchdog1.txt is present in directory: c:\temp\output. Attempt number = 4
2017-11-04 20:30:02,932 INFO The file not present... Lets try again!
2017-11-04 20:30:02,932 INFO Check if file: watchdog1.txt is present in directory: c:\temp\output. Attempt number = 5
2017-11-04 20:30:04,933 INFO The file not present... Lets try again!
2017-11-04 20:30:04,933 INFO Check if file: watchdog1.txt is present in directory: c:\temp\output. Attempt number = 6
2017-11-04 20:30:06,944 INFO The file not present... Lets try again!
2017-11-04 20:30:06,944 INFO Check if file: watchdog1.txt is present in directory: c:\temp\output. Attempt number = 7
2017-11-04 20:30:08,955 INFO The file not present... Lets try again!
2017-11-04 20:30:08,955 INFO Check if file: watchdog1.txt is present in directory: c:\temp\output. Attempt number = 8
2017-11-04 20:30:10,971 INFO The file not present... Lets try again!
2017-11-04 20:30:10,971 INFO Check if file: watchdog1.txt is present in directory: c:\temp\output. Attempt number = 9
2017-11-04 20:30:12,984 INFO The file not present... Lets try again!
2017-11-04 20:30:12,984 INFO Check if file: watchdog1.txt is present in directory: c:\temp\output. Attempt number = 10
2017-11-04 20:30:15,000 INFO The file not present... Lets try again!
2017-11-04 20:30:15,000 ERROR File not found... reties exhausted. Email will be send because b2bi is not running
2017-11-04 20:30:15,000 DEBUG Email message: From: noreply@dictu.nl
To: ab-axway@dictu.nl
Subject: Watchdog process failed

Watchdog process failed after all retrys
2017-11-04 20:30:15,000 ERROR Unable to send email using SMTP server: smtpapplicaties.cibapp.nl
2017-11-04 20:32:00,124 DEBUG b2bi_inputdir = c:\temp\input
2017-11-04 20:32:00,124 DEBUG b2bi_outputdir = c:\temp\output
2017-11-04 20:32:00,124 DEBUG b2bi_filename = watchdog1.txt
2017-11-04 20:32:00,124 DEBUG sleeptime = 2
2017-11-04 20:32:00,124 DEBUG retry = 10
2017-11-04 20:32:00,124 DEBUG smtp_server = smtpapplicaties.cibapp.nl
2017-11-04 20:32:00,124 DEBUG fromaddr = noreply@dictu.nl
2017-11-04 20:32:00,124 DEBUG toaddr = ab-axway@dictu.nl
2017-11-04 20:32:00,140 INFO Check if file: watchdog1.txt is present in directory: c:\temp\output. Attempt number = 1
2017-11-04 20:32:02,143 INFO The file not present... Lets try again!
2017-11-04 20:32:02,143 INFO Check if file: watchdog1.txt is present in directory: c:\temp\output. Attempt number = 2
2017-11-04 20:32:04,156 INFO The file not present... Lets try again!
2017-11-04 20:32:04,156 INFO Check if file: watchdog1.txt is present in directory: c:\temp\output. Attempt number = 3
2017-11-04 20:32:06,157 INFO The file not present... Lets try again!
2017-11-04 20:32:06,157 INFO Check if file: watchdog1.txt is present in directory: c:\temp\output. Attempt number = 4
2017-11-04 20:32:08,171 INFO The file not present... Lets try again!
2017-11-04 20:32:08,171 INFO Check if file: watchdog1.txt is present in directory: c:\temp\output. Attempt number = 5
2017-11-04 20:32:10,185 INFO The file not present... Lets try again!
2017-11-04 20:32:10,185 INFO Check if file: watchdog1.txt is present in directory: c:\temp\output. Attempt number = 6
2017-11-04 20:32:12,189 INFO The file not present... Lets try again!
2017-11-04 20:32:12,189 INFO Check if file: watchdog1.txt is present in directory: c:\temp\output. Attempt number = 7
2017-11-04 20:32:14,192 INFO The file not present... Lets try again!
2017-11-04 20:32:14,193 INFO Check if file: watchdog1.txt is present in directory: c:\temp\output. Attempt number = 8
2017-11-04 20:32:16,201 INFO The file not present... Lets try again!
2017-11-04 20:32:16,201 INFO Check if file: watchdog1.txt is present in directory: c:\temp\output. Attempt number = 9
2017-11-04 20:32:18,212 INFO The file not present... Lets try again!
2017-11-04 20:32:18,212 INFO Check if file: watchdog1.txt is present in directory: c:\temp\output. Attempt number = 10
2017-11-04 20:32:20,226 INFO The file not present... Lets try again!
2017-11-04 20:32:20,226 ERROR File not found... reties exhausted. Email will be send because b2bi is not running
2017-11-04 20:32:20,226 DEBUG Email message: From: noreply@dictu.nl
To: ab-axway@dictu.nl
Subject: Watchdog process failed

Watchdog process failed after all retrys
2017-11-04 20:32:20,226 ERROR Unable to send email using SMTP server: smtpapplicaties.cibapp.nl
2017-11-04 20:32:20,226 INFO File located on: c:\temp\input\watchdog1.txt removed
